Using pre-set license
Built from '2022.3/staging' branch; Version is '2022.3.24f1 (334eb2a0b267) revision 3362482'; Using compiler version '192829333'; Build Type 'Release'
OS: 'Windows 11  (10.0.22631) 64bit CoreSingleLanguage' Language: 'en' Physical Memory: 16104 MB
BatchMode: 1, IsHumanControllingUs: 0, StartBugReporterOnCrash: 0, Is64bit: 1, IsPro: 1

COMMAND LINE ARGUMENTS:
C:\Program Files\Unity\Hub\Editor\2022.3.24f1\Editor\Unity.exe
-adb2
-batchMode
-noUpm
-name
AssetImportWorker4
-projectPath
C:/NYP/Work File/WIU/TeamProcrastination/TeamProcastination
-logFile
Logs/AssetImportWorker4.log
-srvPort
64085
Successfully changed project path to: C:/NYP/Work File/WIU/TeamProcrastination/TeamProcastination
C:/NYP/Work File/WIU/TeamProcrastination/TeamProcastination
[UnityMemory] Configuration Parameters - Can be set up in boot.config
    "memorysetup-bucket-allocator-granularity=16"
    "memorysetup-bucket-allocator-bucket-count=8"
    "memorysetup-bucket-allocator-block-size=33554432"
    "memorysetup-bucket-allocator-block-count=8"
    "memorysetup-main-allocator-block-size=16777216"
    "memorysetup-thread-allocator-block-size=16777216"
    "memorysetup-gfx-main-allocator-block-size=16777216"
    "memorysetup-gfx-thread-allocator-block-size=16777216"
    "memorysetup-cache-allocator-block-size=4194304"
    "memorysetup-typetree-allocator-block-size=2097152"
    "memorysetup-profiler-bucket-allocator-granularity=16"
    "memorysetup-profiler-bucket-allocator-bucket-count=8"
    "memorysetup-profiler-bucket-allocator-block-size=33554432"
    "memorysetup-profiler-bucket-allocator-block-count=8"
    "memorysetup-profiler-allocator-block-size=16777216"
    "memorysetup-profiler-editor-allocator-block-size=1048576"
    "memorysetup-temp-allocator-size-main=16777216"
    "memorysetup-job-temp-allocator-block-size=2097152"
    "memorysetup-job-temp-allocator-block-size-background=1048576"
    "memorysetup-job-temp-allocator-reduction-small-platforms=262144"
    "memorysetup-allocator-temp-initial-block-size-main=262144"
    "memorysetup-allocator-temp-initial-block-size-worker=262144"
    "memorysetup-temp-allocator-size-background-worker=32768"
    "memorysetup-temp-allocator-size-job-worker=262144"
    "memorysetup-temp-allocator-size-preload-manager=33554432"
    "memorysetup-temp-allocator-size-nav-mesh-worker=65536"
    "memorysetup-temp-allocator-size-audio-worker=65536"
    "memorysetup-temp-allocator-size-cloud-worker=32768"
    "memorysetup-temp-allocator-size-gi-baking-worker=262144"
    "memorysetup-temp-allocator-size-gfx=262144"
Player connection [51188] Host "[IP] 172.27.178.55 [Port] 0 [Flags] 2 [Guid] 4269353462 [EditorId] 4269353462 [Version] 1048832 [Id] WindowsEditor(7,DESKTOP-ABQUSBQ) [Debug] 1 [PackageName] WindowsEditor [ProjectName] Editor" joined multi-casting on [225.0.0.222:54997]...

Player connection [51188] Host "[IP] 172.27.178.55 [Port] 0 [Flags] 2 [Guid] 4269353462 [EditorId] 4269353462 [Version] 1048832 [Id] WindowsEditor(7,DESKTOP-ABQUSBQ) [Debug] 1 [PackageName] WindowsEditor [ProjectName] Editor" joined alternative multi-casting on [225.0.0.222:34997]...

[Physics::Module] Initialized MultithreadedJobDispatcher with 15 workers.
Refreshing native plugins compatible for Editor in 16.53 ms, found 4 plugins.
Preloading 0 native plugins for Editor in 0.00 ms.
Initialize engine version: 2022.3.24f1 (334eb2a0b267)
[Subsystems] Discovering subsystems at path C:/Program Files/Unity/Hub/Editor/2022.3.24f1/Editor/Data/Resources/UnitySubsystems
[Subsystems] Discovering subsystems at path C:/NYP/Work File/WIU/TeamProcrastination/TeamProcastination/Assets
GfxDevice: creating device client; threaded=0; jobified=0
Direct3D:
    Version:  Direct3D 11.0 [level 11.1]
    Renderer: NVIDIA GeForce RTX 4060 Laptop GPU (ID=0x28a0)
    Vendor:   NVIDIA
    VRAM:     7957 MB
    Driver:   32.0.15.6070
Initialize mono
Mono path[0] = 'C:/Program Files/Unity/Hub/Editor/2022.3.24f1/Editor/Data/Managed'
Mono path[1] = 'C:/Program Files/Unity/Hub/Editor/2022.3.24f1/Editor/Data/MonoBleedingEdge/lib/mono/unityjit-win32'
Mono config path = 'C:/Program Files/Unity/Hub/Editor/2022.3.24f1/Editor/Data/MonoBleedingEdge/etc'
Using monoOptions --debugger-agent=transport=dt_socket,embedding=1,server=y,suspend=n,address=127.0.0.1:56368
Begin MonoManager ReloadAssembly
Registering precompiled unity dll's ...
Register platform support module: C:/Program Files/Unity/Hub/Editor/2022.3.24f1/Editor/Data/PlaybackEngines/WindowsStandaloneSupport/UnityEditor.WindowsStandalone.Extensions.dll
Registered in 0.008388 seconds.
- Loaded All Assemblies, in  0.447 seconds
Native extension for WindowsStandalone target not found
Mono: successfully reloaded assembly
- Finished resetting the current domain, in  0.356 seconds
Domain Reload Profiling: 802ms
	BeginReloadAssembly (141ms)
		ExecutionOrderSort (0ms)
		DisableScriptedObjects (0ms)
		BackupInstance (0ms)
		ReleaseScriptingObjects (0ms)
		CreateAndSetChildDomain (1ms)
	RebuildCommonClasses (45ms)
	RebuildNativeTypeToScriptingClass (14ms)
	initialDomainReloadingComplete (71ms)
	LoadAllAssembliesAndSetupDomain (174ms)
		LoadAssemblies (139ms)
		RebuildTransferFunctionScriptingTraits (0ms)
		AnalyzeDomain (172ms)
			TypeCache.Refresh (170ms)
				TypeCache.ScanAssembly (154ms)
			ScanForSourceGeneratedMonoScriptInfo (1ms)
			ResolveRequiredComponents (1ms)
	FinalizeReload (357ms)
		ReleaseScriptCaches (0ms)
		RebuildScriptCaches (0ms)
		SetupLoadedEditorAssemblies (280ms)
			LogAssemblyErrors (0ms)
			InitializePlatformSupportModulesInManaged (12ms)
			SetLoadedEditorAssemblies (10ms)
			RefreshPlugins (0ms)
			BeforeProcessingInitializeOnLoad (3ms)
			ProcessInitializeOnLoadAttributes (193ms)
			ProcessInitializeOnLoadMethodAttributes (63ms)
			AfterProcessingInitializeOnLoad (0ms)
			EditorAssembliesLoaded (0ms)
		ExecutionOrderSort2 (0ms)
		AwakeInstancesAfterBackupRestoration (0ms)
========================================================================
Worker process is ready to serve import requests
Begin MonoManager ReloadAssembly
- Loaded All Assemblies, in  0.844 seconds
Refreshing native plugins compatible for Editor in 5.77 ms, found 4 plugins.
Native extension for WindowsStandalone target not found
Package Manager log level set to [2]
[Package Manager] Server::EnsureServerProcessIsRunning -- launch failed, reason: Unity was launched with the -noUpm command-line argument
[Package Manager] UpmClient::Send -- Unable to send message (not connected to UPM process).
[Package Manager] Cannot connect to Unity Package Manager local server
Mono: successfully reloaded assembly
- Finished resetting the current domain, in  0.817 seconds
Domain Reload Profiling: 1658ms
	BeginReloadAssembly (198ms)
		ExecutionOrderSort (0ms)
		DisableScriptedObjects (6ms)
		BackupInstance (0ms)
		ReleaseScriptingObjects (0ms)
		CreateAndSetChildDomain (25ms)
	RebuildCommonClasses (46ms)
	RebuildNativeTypeToScriptingClass (13ms)
	initialDomainReloadingComplete (89ms)
	LoadAllAssembliesAndSetupDomain (496ms)
		LoadAssemblies (402ms)
		RebuildTransferFunctionScriptingTraits (0ms)
		AnalyzeDomain (216ms)
			TypeCache.Refresh (175ms)
				TypeCache.ScanAssembly (152ms)
			ScanForSourceGeneratedMonoScriptInfo (33ms)
			ResolveRequiredComponents (7ms)
	FinalizeReload (817ms)
		ReleaseScriptCaches (0ms)
		RebuildScriptCaches (0ms)
		SetupLoadedEditorAssemblies (584ms)
			LogAssemblyErrors (0ms)
			InitializePlatformSupportModulesInManaged (8ms)
			SetLoadedEditorAssemblies (5ms)
			RefreshPlugins (0ms)
			BeforeProcessingInitializeOnLoad (86ms)
			ProcessInitializeOnLoadAttributes (425ms)
			ProcessInitializeOnLoadMethodAttributes (53ms)
			AfterProcessingInitializeOnLoad (8ms)
			EditorAssembliesLoaded (0ms)
		ExecutionOrderSort2 (0ms)
		AwakeInstancesAfterBackupRestoration (12ms)
Launched and connected shader compiler UnityShaderCompiler.exe after 0.10 seconds
Refreshing native plugins compatible for Editor in 6.22 ms, found 4 plugins.
Preloading 0 native plugins for Editor in 0.00 ms.
Unloading 4038 Unused Serialized files (Serialized files now loaded: 0)
Unloading 64 unused Assets / (61.1 KB). Loaded Objects now: 4499.
Memory consumption went from 143.8 MB to 143.8 MB.
Total: 4.085800 ms (FindLiveObjects: 0.284500 ms CreateObjectMapping: 0.148300 ms MarkObjects: 3.492000 ms  DeleteObjects: 0.159200 ms)

AssetImportParameters requested are different than current active one (requested -> active):
  custom:container-demuxer-ogg: 62fdf1f143b41e24485cea50d1cbac27 -> 
  custom:video-codec-MediaFoundation-h265: 746d11721c4dcdbdad8f713fa42b33f4 -> 
  custom:video-decoder-ogg-theora: a1e56fd34408186e4bbccfd4996cb3dc -> 
  custom:framework-win-MediaFoundation: 216162199b28c13a410421893ffa2e32 -> 
  custom:CustomObjectIndexerAttribute: 9a22284fe3817be447336de3de66b15e -> 
  custom:container-demuxer-webm: 4f35f7cbe854078d1ac9338744f61a02 -> 
  custom:container-muxer-webm: aa71ff27fc2769a1b78a27578f13a17b -> 
  custom:video-decoder-webm-vp8: 9c59270c3fd7afecdb556c50c9e8de78 -> 
  custom:SearchIndexIgnoredProperties: e643bd26f0fe6173181afceb89e7c659 -> 
  custom:AudioImporter_EditorPlatform: d09bf68614088b80899f8185d706f6e7 -> 
  custom:video-encoder-webm-vp8: eb34c28f22e8b96e1ab97ce403110664 -> 
  custom:audio-decoder-ogg-vorbis: bf7c407c2cedff20999df2af8eb42d56 -> 
  custom:audio-encoder-webm-vorbis: bf7c407c2cedff20999df2af8eb42d56 -> 
========================================================================
Received Prepare
Begin MonoManager ReloadAssembly
- Loaded All Assemblies, in  0.655 seconds
Refreshing native plugins compatible for Editor in 7.08 ms, found 4 plugins.
Native extension for WindowsStandalone target not found
[Package Manager] Server::EnsureServerProcessIsRunning -- launch failed, reason: Unity was launched with the -noUpm command-line argument
[Package Manager] UpmClient::Send -- Unable to send message (not connected to UPM process).
[Package Manager] Cannot connect to Unity Package Manager local server
Mono: successfully reloaded assembly
- Finished resetting the current domain, in  1.437 seconds
Domain Reload Profiling: 2089ms
	BeginReloadAssembly (220ms)
		ExecutionOrderSort (0ms)
		DisableScriptedObjects (14ms)
		BackupInstance (0ms)
		ReleaseScriptingObjects (0ms)
		CreateAndSetChildDomain (50ms)
	RebuildCommonClasses (43ms)
	RebuildNativeTypeToScriptingClass (24ms)
	initialDomainReloadingComplete (47ms)
	LoadAllAssembliesAndSetupDomain (317ms)
		LoadAssemblies (413ms)
		RebuildTransferFunctionScriptingTraits (0ms)
		AnalyzeDomain (23ms)
			TypeCache.Refresh (9ms)
				TypeCache.ScanAssembly (0ms)
			ScanForSourceGeneratedMonoScriptInfo (0ms)
			ResolveRequiredComponents (11ms)
	FinalizeReload (1438ms)
		ReleaseScriptCaches (0ms)
		RebuildScriptCaches (0ms)
		SetupLoadedEditorAssemblies (639ms)
			LogAssemblyErrors (0ms)
			InitializePlatformSupportModulesInManaged (10ms)
			SetLoadedEditorAssemblies (5ms)
			RefreshPlugins (0ms)
			BeforeProcessingInitializeOnLoad (99ms)
			ProcessInitializeOnLoadAttributes (470ms)
			ProcessInitializeOnLoadMethodAttributes (47ms)
			AfterProcessingInitializeOnLoad (8ms)
			EditorAssembliesLoaded (0ms)
		ExecutionOrderSort2 (0ms)
		AwakeInstancesAfterBackupRestoration (16ms)
Refreshing native plugins compatible for Editor in 7.49 ms, found 4 plugins.
Preloading 0 native plugins for Editor in 0.00 ms.
Unloading 4027 Unused Serialized files (Serialized files now loaded: 0)
Unloading 36 unused Assets / (35.2 KB). Loaded Objects now: 4504.
Memory consumption went from 143.0 MB to 143.0 MB.
Total: 4.103000 ms (FindLiveObjects: 0.306500 ms CreateObjectMapping: 0.162600 ms MarkObjects: 3.550300 ms  DeleteObjects: 0.081900 ms)

Prepare: number of updated asset objects reloaded= 0
AssetImportParameters requested are different than current active one (requested -> active):
  custom:container-demuxer-ogg: 62fdf1f143b41e24485cea50d1cbac27 -> 
  custom:video-codec-MediaFoundation-h265: 746d11721c4dcdbdad8f713fa42b33f4 -> 
  custom:video-decoder-ogg-theora: a1e56fd34408186e4bbccfd4996cb3dc -> 
  custom:framework-win-MediaFoundation: 216162199b28c13a410421893ffa2e32 -> 
  custom:CustomObjectIndexerAttribute: 9a22284fe3817be447336de3de66b15e -> 
  custom:container-demuxer-webm: 4f35f7cbe854078d1ac9338744f61a02 -> 
  custom:container-muxer-webm: aa71ff27fc2769a1b78a27578f13a17b -> 
  custom:video-decoder-webm-vp8: 9c59270c3fd7afecdb556c50c9e8de78 -> 
  custom:SearchIndexIgnoredProperties: e643bd26f0fe6173181afceb89e7c659 -> 
  custom:AudioImporter_EditorPlatform: d09bf68614088b80899f8185d706f6e7 -> 
  custom:video-encoder-webm-vp8: eb34c28f22e8b96e1ab97ce403110664 -> 
  custom:audio-decoder-ogg-vorbis: bf7c407c2cedff20999df2af8eb42d56 -> 
  custom:audio-encoder-webm-vorbis: bf7c407c2cedff20999df2af8eb42d56 -> 
========================================================================
Received Prepare
Begin MonoManager ReloadAssembly
- Loaded All Assemblies, in  0.733 seconds
Refreshing native plugins compatible for Editor in 6.00 ms, found 4 plugins.
Native extension for WindowsStandalone target not found
[Package Manager] Server::EnsureServerProcessIsRunning -- launch failed, reason: Unity was launched with the -noUpm command-line argument
[Package Manager] UpmClient::Send -- Unable to send message (not connected to UPM process).
[Package Manager] Cannot connect to Unity Package Manager local server
Mono: successfully reloaded assembly
- Finished resetting the current domain, in  1.169 seconds
Domain Reload Profiling: 1897ms
	BeginReloadAssembly (298ms)
		ExecutionOrderSort (0ms)
		DisableScriptedObjects (23ms)
		BackupInstance (0ms)
		ReleaseScriptingObjects (0ms)
		CreateAndSetChildDomain (59ms)
	RebuildCommonClasses (59ms)
	RebuildNativeTypeToScriptingClass (21ms)
	initialDomainReloadingComplete (59ms)
	LoadAllAssembliesAndSetupDomain (291ms)
		LoadAssemblies (423ms)
		RebuildTransferFunctionScriptingTraits (0ms)
		AnalyzeDomain (36ms)
			TypeCache.Refresh (13ms)
				TypeCache.ScanAssembly (0ms)
			ScanForSourceGeneratedMonoScriptInfo (13ms)
			ResolveRequiredComponents (9ms)
	FinalizeReload (1170ms)
		ReleaseScriptCaches (0ms)
		RebuildScriptCaches (0ms)
		SetupLoadedEditorAssemblies (511ms)
			LogAssemblyErrors (0ms)
			InitializePlatformSupportModulesInManaged (7ms)
			SetLoadedEditorAssemblies (4ms)
			RefreshPlugins (0ms)
			BeforeProcessingInitializeOnLoad (80ms)
			ProcessInitializeOnLoadAttributes (369ms)
			ProcessInitializeOnLoadMethodAttributes (43ms)
			AfterProcessingInitializeOnLoad (6ms)
			EditorAssembliesLoaded (0ms)
		ExecutionOrderSort2 (0ms)
		AwakeInstancesAfterBackupRestoration (16ms)
Refreshing native plugins compatible for Editor in 4.78 ms, found 4 plugins.
Preloading 0 native plugins for Editor in 0.00 ms.
Unloading 4027 Unused Serialized files (Serialized files now loaded: 0)
Unloading 36 unused Assets / (35.2 KB). Loaded Objects now: 4508.
Memory consumption went from 145.0 MB to 144.9 MB.
Total: 4.142600 ms (FindLiveObjects: 0.372000 ms CreateObjectMapping: 0.156300 ms MarkObjects: 3.497200 ms  DeleteObjects: 0.114600 ms)

Prepare: number of updated asset objects reloaded= 0
AssetImportParameters requested are different than current active one (requested -> active):
  custom:container-demuxer-ogg: 62fdf1f143b41e24485cea50d1cbac27 -> 
  custom:video-codec-MediaFoundation-h265: 746d11721c4dcdbdad8f713fa42b33f4 -> 
  custom:video-decoder-ogg-theora: a1e56fd34408186e4bbccfd4996cb3dc -> 
  custom:framework-win-MediaFoundation: 216162199b28c13a410421893ffa2e32 -> 
  custom:CustomObjectIndexerAttribute: 9a22284fe3817be447336de3de66b15e -> 
  custom:container-demuxer-webm: 4f35f7cbe854078d1ac9338744f61a02 -> 
  custom:container-muxer-webm: aa71ff27fc2769a1b78a27578f13a17b -> 
  custom:video-decoder-webm-vp8: 9c59270c3fd7afecdb556c50c9e8de78 -> 
  custom:SearchIndexIgnoredProperties: e643bd26f0fe6173181afceb89e7c659 -> 
  custom:AudioImporter_EditorPlatform: d09bf68614088b80899f8185d706f6e7 -> 
  custom:video-encoder-webm-vp8: eb34c28f22e8b96e1ab97ce403110664 -> 
  custom:audio-decoder-ogg-vorbis: bf7c407c2cedff20999df2af8eb42d56 -> 
  custom:audio-encoder-webm-vorbis: bf7c407c2cedff20999df2af8eb42d56 -> 
========================================================================
Received Import Request.
  Time since last request: 718542.374045 seconds.
  path: Assets/Tiles
  artifactKey: Guid(7ee6ea1558f051b4caf957e4929326b6) Importer(815301076,1909f56bfc062723c751e8b465ee728b)
Start importing Assets/Tiles using Guid(7ee6ea1558f051b4caf957e4929326b6) Importer(815301076,1909f56bfc062723c751e8b465ee728b)  -> (artifact id: '8d4e6d9215598209bf13a6af3d74070e') in 0.004548 seconds
Number of updated asset objects reloaded before import = 0
Number of asset objects unloaded after import = 0
========================================================================
Received Import Request.
  Time since last request: 10.814400 seconds.
  path: Assets/Tiles/Cliff_Tile.png
  artifactKey: Guid(0fb3d07c4eec4854eb08bc85d51eb83f) Importer(815301076,1909f56bfc062723c751e8b465ee728b)
Start importing Assets/Tiles/Cliff_Tile.png using Guid(0fb3d07c4eec4854eb08bc85d51eb83f) Importer(815301076,1909f56bfc062723c751e8b465ee728b)  -> (artifact id: 'a132c468f4a95b8a1dfb2665949eaf6e') in 0.266974 seconds
Number of updated asset objects reloaded before import = 0
Number of asset objects unloaded after import = 3
========================================================================
Received Import Request.
  Time since last request: 0.000046 seconds.
  path: Assets/Tiles/Path_Tile.png
  artifactKey: Guid(8446e3a965878a74cb6269b4bdcf1236) Importer(815301076,1909f56bfc062723c751e8b465ee728b)
Start importing Assets/Tiles/Path_Tile.png using Guid(8446e3a965878a74cb6269b4bdcf1236) Importer(815301076,1909f56bfc062723c751e8b465ee728b)  -> (artifact id: '6eebdf79e21eab222023d7b1e0135c0b') in 0.032314 seconds
Number of updated asset objects reloaded before import = 0
Number of asset objects unloaded after import = 3
========================================================================
Received Import Request.
  Time since last request: 0.000048 seconds.
  path: Assets/Tiles/Grass_Middle.png
  artifactKey: Guid(c366e28b4a8ede843ba3a7a49ad2b59a) Importer(815301076,1909f56bfc062723c751e8b465ee728b)
Start importing Assets/Tiles/Grass_Middle.png using Guid(c366e28b4a8ede843ba3a7a49ad2b59a) Importer(815301076,1909f56bfc062723c751e8b465ee728b)  -> (artifact id: '5eab124c8e6333eccab7ceb6c2e66b62') in 0.029227 seconds
Number of updated asset objects reloaded before import = 0
Number of asset objects unloaded after import = 3
========================================================================
Received Import Request.
  Time since last request: 0.000030 seconds.
  path: Assets/Tiles/Water_Middle.png
  artifactKey: Guid(7b431c0f9ba65634a9e9dd11e8c6f771) Importer(815301076,1909f56bfc062723c751e8b465ee728b)
Start importing Assets/Tiles/Water_Middle.png using Guid(7b431c0f9ba65634a9e9dd11e8c6f771) Importer(815301076,1909f56bfc062723c751e8b465ee728b)  -> (artifact id: 'c26a026799210b9b2e4ffcf06b481080') in 0.027896 seconds
Number of updated asset objects reloaded before import = 0
Number of asset objects unloaded after import = 3
========================================================================
Received Import Request.
  Time since last request: 24.845890 seconds.
  path: Assets/Tiles/Rectangular Palette.prefab
  artifactKey: Guid(41a4c63917797fb4ebb08210384d2002) Importer(815301076,1909f56bfc062723c751e8b465ee728b)
Start importing Assets/Tiles/Rectangular Palette.prefab using Guid(41a4c63917797fb4ebb08210384d2002) Importer(815301076,1909f56bfc062723c751e8b465ee728b)  -> (artifact id: 'faf90965fa229596a450e76889669a2c') in 0.077070 seconds
Number of updated asset objects reloaded before import = 0
Number of asset objects unloaded after import = 10
========================================================================
Received Import Request.
  Time since last request: 18.637642 seconds.
  path: Assets/Tilesets
  artifactKey: Guid(fbd194d1e586f6542861296d0d75c187) Importer(815301076,1909f56bfc062723c751e8b465ee728b)
Start importing Assets/Tilesets using Guid(fbd194d1e586f6542861296d0d75c187) Importer(815301076,1909f56bfc062723c751e8b465ee728b)  -> (artifact id: '3b07f2d05a4a00a192c716311d02020c') in 0.000666 seconds
Number of updated asset objects reloaded before import = 0
Number of asset objects unloaded after import = 0
========================================================================
Received Import Request.
  Time since last request: 23.352034 seconds.
  path: Assets/Tilesets/Base tiles.prefab
  artifactKey: Guid(3ed5d79d16bfd554d8c8ff7cbdccc009) Importer(815301076,1909f56bfc062723c751e8b465ee728b)
Start importing Assets/Tilesets/Base tiles.prefab using Guid(3ed5d79d16bfd554d8c8ff7cbdccc009) Importer(815301076,1909f56bfc062723c751e8b465ee728b)  -> (artifact id: 'af1a516e7cadf723365566c302bc5642') in 0.023682 seconds
Number of updated asset objects reloaded before import = 0
Number of asset objects unloaded after import = 10
========================================================================
Received Import Request.
  Time since last request: 123.868953 seconds.
  path: Assets/Tiles/Cliff_Tile.asset
  artifactKey: Guid(7dff127ee3f1375469f50a1ccd819085) Importer(815301076,1909f56bfc062723c751e8b465ee728b)
Start importing Assets/Tiles/Cliff_Tile.asset using Guid(7dff127ee3f1375469f50a1ccd819085) Importer(815301076,1909f56bfc062723c751e8b465ee728b)  -> (artifact id: '66d4b994dccd3c51e0e662d7adb52a5c') in 0.026787 seconds
Number of updated asset objects reloaded before import = 0
Number of asset objects unloaded after import = 3
========================================================================
Received Import Request.
  Time since last request: 38.285311 seconds.
  path: Assets/Palettes/TIle Palette.prefab
  artifactKey: Guid(955d781d2d6915342b32cec827f8afa9) Importer(815301076,1909f56bfc062723c751e8b465ee728b)
Start importing Assets/Palettes/TIle Palette.prefab using Guid(955d781d2d6915342b32cec827f8afa9) Importer(815301076,1909f56bfc062723c751e8b465ee728b)  -> (artifact id: '4cc34ce31bf5417b2a8b6e4db6f40ff3') in 0.025197 seconds
Number of updated asset objects reloaded before import = 0
Number of asset objects unloaded after import = 12
========================================================================
Received Import Request.
  Time since last request: 9.483278 seconds.
  path: Assets/Tiles/Cliff_Tile.png
  artifactKey: Guid(0fb3d07c4eec4854eb08bc85d51eb83f) Importer(815301076,1909f56bfc062723c751e8b465ee728b)
Start importing Assets/Tiles/Cliff_Tile.png using Guid(0fb3d07c4eec4854eb08bc85d51eb83f) Importer(815301076,1909f56bfc062723c751e8b465ee728b)  -> (artifact id: 'e3dfc915f073157a79059629ab5f9fcc') in 0.011769 seconds
Number of updated asset objects reloaded before import = 0
Number of asset objects unloaded after import = 3
========================================================================
Received Import Request.
  Time since last request: 6.853596 seconds.
  path: Assets/Tiles/Cliff_Tile.png
  artifactKey: Guid(0fb3d07c4eec4854eb08bc85d51eb83f) Importer(815301076,1909f56bfc062723c751e8b465ee728b)
Start importing Assets/Tiles/Cliff_Tile.png using Guid(0fb3d07c4eec4854eb08bc85d51eb83f) Importer(815301076,1909f56bfc062723c751e8b465ee728b)  -> (artifact id: '17ac2c35e0b6abde16dd0086e8a2fbd4') in 0.011463 seconds
Number of updated asset objects reloaded before import = 0
Number of asset objects unloaded after import = 3
========================================================================
Received Import Request.
  Time since last request: 5.180148 seconds.
  path: Assets/Tiles/FarmLand_Tile.png
  artifactKey: Guid(6c86c64cb108da54ba7bc733ac332278) Importer(815301076,1909f56bfc062723c751e8b465ee728b)
Start importing Assets/Tiles/FarmLand_Tile.png using Guid(6c86c64cb108da54ba7bc733ac332278) Importer(815301076,1909f56bfc062723c751e8b465ee728b)  -> (artifact id: 'bea5d7d66fc5faa6269f32de9a3efbf4') in 0.024619 seconds
Number of updated asset objects reloaded before import = 0
Number of asset objects unloaded after import = 3
========================================================================
Received Import Request.
  Time since last request: 11.791643 seconds.
  path: Assets/Tiles/Cliff_Tile.asset
  artifactKey: Guid(7dff127ee3f1375469f50a1ccd819085) Importer(815301076,1909f56bfc062723c751e8b465ee728b)
Start importing Assets/Tiles/Cliff_Tile.asset using Guid(7dff127ee3f1375469f50a1ccd819085) Importer(815301076,1909f56bfc062723c751e8b465ee728b)  -> (artifact id: '01a15bfb1d3be246e6cda6664d23aa97') in 0.009838 seconds
Number of updated asset objects reloaded before import = 0
Number of asset objects unloaded after import = 3
========================================================================
Received Import Request.
  Time since last request: 40.068573 seconds.
  path: Assets/Tilesets/Base tiles.prefab
  artifactKey: Guid(3ed5d79d16bfd554d8c8ff7cbdccc009) Importer(815301076,1909f56bfc062723c751e8b465ee728b)
Start importing Assets/Tilesets/Base tiles.prefab using Guid(3ed5d79d16bfd554d8c8ff7cbdccc009) Importer(815301076,1909f56bfc062723c751e8b465ee728b)  -> (artifact id: '2895d9c286a01263a979c2eed814cb29') in 0.022910 seconds
Number of updated asset objects reloaded before import = 0
Number of asset objects unloaded after import = 12
========================================================================
Received Import Request.
  Time since last request: 30.711376 seconds.
  path: Assets/Tiles/Cliff_Tile.png
  artifactKey: Guid(0fb3d07c4eec4854eb08bc85d51eb83f) Importer(815301076,1909f56bfc062723c751e8b465ee728b)
Start importing Assets/Tiles/Cliff_Tile.png using Guid(0fb3d07c4eec4854eb08bc85d51eb83f) Importer(815301076,1909f56bfc062723c751e8b465ee728b)  -> (artifact id: '5a3d225db467ee650c14dfa44fee3914') in 0.020465 seconds
Number of updated asset objects reloaded before import = 0
Number of asset objects unloaded after import = 2
========================================================================
Received Import Request.
  Time since last request: 15.178122 seconds.
  path: Assets/Tiles/Cliff_Tile.png
  artifactKey: Guid(0fb3d07c4eec4854eb08bc85d51eb83f) Importer(815301076,1909f56bfc062723c751e8b465ee728b)
Start importing Assets/Tiles/Cliff_Tile.png using Guid(0fb3d07c4eec4854eb08bc85d51eb83f) Importer(815301076,1909f56bfc062723c751e8b465ee728b)  -> (artifact id: 'd039806d49490107dee8a06496ae8582') in 0.074659 seconds
Number of updated asset objects reloaded before import = 0
Number of asset objects unloaded after import = 18
========================================================================
Received Import Request.
  Time since last request: 4.838084 seconds.
  path: Assets/Tiles/Cliff_Tile.png
  artifactKey: Guid(0fb3d07c4eec4854eb08bc85d51eb83f) Importer(815301076,1909f56bfc062723c751e8b465ee728b)
Start importing Assets/Tiles/Cliff_Tile.png using Guid(0fb3d07c4eec4854eb08bc85d51eb83f) Importer(815301076,1909f56bfc062723c751e8b465ee728b)  -> (artifact id: '544534843c724e40ee3ec333f02baf40') in 0.064090 seconds
Number of updated asset objects reloaded before import = 0
Number of asset objects unloaded after import = 18
========================================================================
Received Import Request.
  Time since last request: 5.497535 seconds.
  path: Assets/Tiles/Cliff_Tile_0.asset
  artifactKey: Guid(5f64d41312bcbc94a9849858e14839e1) Importer(815301076,1909f56bfc062723c751e8b465ee728b)
Start importing Assets/Tiles/Cliff_Tile_0.asset using Guid(5f64d41312bcbc94a9849858e14839e1) Importer(815301076,1909f56bfc062723c751e8b465ee728b)  -> (artifact id: '1ded2de73fb7553a297677fd86484c5e') in 0.022004 seconds
Number of updated asset objects reloaded before import = 0
Number of asset objects unloaded after import = 3
========================================================================
Received Import Request.
  Time since last request: 0.014718 seconds.
  path: Assets/Tiles/Cliff_Tile_6.asset
  artifactKey: Guid(bc7b59ecc7fbd784cb5ab3737fc66905) Importer(815301076,1909f56bfc062723c751e8b465ee728b)
Start importing Assets/Tiles/Cliff_Tile_6.asset using Guid(bc7b59ecc7fbd784cb5ab3737fc66905) Importer(815301076,1909f56bfc062723c751e8b465ee728b)  -> (artifact id: '0fb7adc7034c24a5c0b85859c491ae8c') in 0.023186 seconds
Number of updated asset objects reloaded before import = 0
Number of asset objects unloaded after import = 3
========================================================================
Received Import Request.
  Time since last request: 0.000032 seconds.
  path: Assets/Tiles/Cliff_Tile_3.asset
  artifactKey: Guid(541d7afc6e7fd494fa7f503fb5b71c2e) Importer(815301076,1909f56bfc062723c751e8b465ee728b)
Start importing Assets/Tiles/Cliff_Tile_3.asset using Guid(541d7afc6e7fd494fa7f503fb5b71c2e) Importer(815301076,1909f56bfc062723c751e8b465ee728b)  -> (artifact id: 'daa53a9a43a791d9f7a23b14efada889') in 0.020669 seconds
Number of updated asset objects reloaded before import = 0
Number of asset objects unloaded after import = 3
========================================================================
Received Import Request.
  Time since last request: 0.000026 seconds.
  path: Assets/Tiles/Cliff_Tile_7.asset
  artifactKey: Guid(b6065fea4cf1f374887a3d058dfd4401) Importer(815301076,1909f56bfc062723c751e8b465ee728b)
Start importing Assets/Tiles/Cliff_Tile_7.asset using Guid(b6065fea4cf1f374887a3d058dfd4401) Importer(815301076,1909f56bfc062723c751e8b465ee728b)  -> (artifact id: '358d5beb178a60617baf5a94e8f3635c') in 0.021317 seconds
Number of updated asset objects reloaded before import = 0
Number of asset objects unloaded after import = 3
========================================================================
Received Import Request.
  Time since last request: 0.000032 seconds.
  path: Assets/Tiles/Cliff_Tile_4.asset
  artifactKey: Guid(3411443b6d4b6664aa8c43242619e8be) Importer(815301076,1909f56bfc062723c751e8b465ee728b)
Start importing Assets/Tiles/Cliff_Tile_4.asset using Guid(3411443b6d4b6664aa8c43242619e8be) Importer(815301076,1909f56bfc062723c751e8b465ee728b)  -> (artifact id: 'f630b91821db6d1c078dc64cabdd1dd9') in 0.022072 seconds
Number of updated asset objects reloaded before import = 0
Number of asset objects unloaded after import = 3
========================================================================
Received Import Request.
  Time since last request: 0.000034 seconds.
  path: Assets/Tiles/Cliff_Tile_5.asset
  artifactKey: Guid(b5abd8229d114824eac6f41496b9ff4d) Importer(815301076,1909f56bfc062723c751e8b465ee728b)
Start importing Assets/Tiles/Cliff_Tile_5.asset using Guid(b5abd8229d114824eac6f41496b9ff4d) Importer(815301076,1909f56bfc062723c751e8b465ee728b)  -> (artifact id: '30a2b43d35758335f03c8efe4e6153df') in 0.021848 seconds
Number of updated asset objects reloaded before import = 0
Number of asset objects unloaded after import = 3
========================================================================
Received Import Request.
  Time since last request: 0.000025 seconds.
  path: Assets/Tiles/Cliff_Tile_9.asset
  artifactKey: Guid(a3179b6c548029342bf3312d934808d7) Importer(815301076,1909f56bfc062723c751e8b465ee728b)
Start importing Assets/Tiles/Cliff_Tile_9.asset using Guid(a3179b6c548029342bf3312d934808d7) Importer(815301076,1909f56bfc062723c751e8b465ee728b)  -> (artifact id: '0b8a6381d44102a074230efc0ac5da3d') in 0.021321 seconds
Number of updated asset objects reloaded before import = 0
Number of asset objects unloaded after import = 3
========================================================================
Received Import Request.
  Time since last request: 0.000028 seconds.
  path: Assets/Tiles/Cliff_Tile_10.asset
  artifactKey: Guid(369dfad867c840a4f8b8a21cb2ea10e8) Importer(815301076,1909f56bfc062723c751e8b465ee728b)
Start importing Assets/Tiles/Cliff_Tile_10.asset using Guid(369dfad867c840a4f8b8a21cb2ea10e8) Importer(815301076,1909f56bfc062723c751e8b465ee728b)  -> (artifact id: '2f9c86663ff8bcac5a068b6569d9da28') in 0.022144 seconds
Number of updated asset objects reloaded before import = 0
Number of asset objects unloaded after import = 3
========================================================================
Received Import Request.
  Time since last request: 0.000036 seconds.
  path: Assets/Tiles/Cliff_Tile_2.asset
  artifactKey: Guid(01d362d8ed6cb4b43a7c748154dba6e4) Importer(815301076,1909f56bfc062723c751e8b465ee728b)
Start importing Assets/Tiles/Cliff_Tile_2.asset using Guid(01d362d8ed6cb4b43a7c748154dba6e4) Importer(815301076,1909f56bfc062723c751e8b465ee728b)  -> (artifact id: 'd6a6a7a0fd969f56ce2c4083920549b3') in 0.020308 seconds
Number of updated asset objects reloaded before import = 0
Number of asset objects unloaded after import = 3
========================================================================
Received Import Request.
  Time since last request: 4.287288 seconds.
  path: Assets/Tiles/Cliff_Tile_0.asset
  artifactKey: Guid(5f64d41312bcbc94a9849858e14839e1) Importer(815301076,1909f56bfc062723c751e8b465ee728b)
Start importing Assets/Tiles/Cliff_Tile_0.asset using Guid(5f64d41312bcbc94a9849858e14839e1) Importer(815301076,1909f56bfc062723c751e8b465ee728b)  -> (artifact id: '6a4241229f8e59e9556cd8045fde1690') in 0.008582 seconds
Number of updated asset objects reloaded before import = 0
Number of asset objects unloaded after import = 3
========================================================================
Received Import Request.
  Time since last request: 0.000027 seconds.
  path: Assets/Tiles/Cliff_Tile_3.asset
  artifactKey: Guid(541d7afc6e7fd494fa7f503fb5b71c2e) Importer(815301076,1909f56bfc062723c751e8b465ee728b)
Start importing Assets/Tiles/Cliff_Tile_3.asset using Guid(541d7afc6e7fd494fa7f503fb5b71c2e) Importer(815301076,1909f56bfc062723c751e8b465ee728b)  -> (artifact id: 'eddf2dd7b4df5fc1224db3a72d839440') in 0.008910 seconds
Number of updated asset objects reloaded before import = 0
Number of asset objects unloaded after import = 3
========================================================================
Received Import Request.
  Time since last request: 0.000019 seconds.
  path: Assets/Tiles/Cliff_Tile_4.asset
  artifactKey: Guid(3411443b6d4b6664aa8c43242619e8be) Importer(815301076,1909f56bfc062723c751e8b465ee728b)
Start importing Assets/Tiles/Cliff_Tile_4.asset using Guid(3411443b6d4b6664aa8c43242619e8be) Importer(815301076,1909f56bfc062723c751e8b465ee728b)  -> (artifact id: '2950507824c9e3b042988e51256b977d') in 0.008390 seconds
Number of updated asset objects reloaded before import = 0
Number of asset objects unloaded after import = 3
========================================================================
Received Import Request.
  Time since last request: 0.000025 seconds.
  path: Assets/Tiles/Cliff_Tile_5.asset
  artifactKey: Guid(b5abd8229d114824eac6f41496b9ff4d) Importer(815301076,1909f56bfc062723c751e8b465ee728b)
Start importing Assets/Tiles/Cliff_Tile_5.asset using Guid(b5abd8229d114824eac6f41496b9ff4d) Importer(815301076,1909f56bfc062723c751e8b465ee728b)  -> (artifact id: 'f273c441086d844ef2f02176a45043ca') in 0.009173 seconds
Number of updated asset objects reloaded before import = 0
Number of asset objects unloaded after import = 3
========================================================================
Received Import Request.
  Time since last request: 0.000026 seconds.
  path: Assets/Tiles/Cliff_Tile_8.asset
  artifactKey: Guid(89077750c63da3340b6c9c5298a4a9d6) Importer(815301076,1909f56bfc062723c751e8b465ee728b)
Start importing Assets/Tiles/Cliff_Tile_8.asset using Guid(89077750c63da3340b6c9c5298a4a9d6) Importer(815301076,1909f56bfc062723c751e8b465ee728b)  -> (artifact id: 'c41b2cbd12df23c8258a2365a581c9ef') in 0.008785 seconds
Number of updated asset objects reloaded before import = 0
Number of asset objects unloaded after import = 3
========================================================================
Received Import Request.
  Time since last request: 0.000029 seconds.
  path: Assets/Tiles/Cliff_Tile_11.asset
  artifactKey: Guid(50bf6066e21061741a97dee372b99e9e) Importer(815301076,1909f56bfc062723c751e8b465ee728b)
Start importing Assets/Tiles/Cliff_Tile_11.asset using Guid(50bf6066e21061741a97dee372b99e9e) Importer(815301076,1909f56bfc062723c751e8b465ee728b)  -> (artifact id: '85d68056439762368b1d8367d4ee0990') in 0.009324 seconds
Number of updated asset objects reloaded before import = 0
Number of asset objects unloaded after import = 3
========================================================================
Received Import Request.
  Time since last request: 13.911834 seconds.
  path: Assets/Palettes/Palette.prefab
  artifactKey: Guid(ac5685902b30149418d903e7f6fc98a8) Importer(815301076,1909f56bfc062723c751e8b465ee728b)
Start importing Assets/Palettes/Palette.prefab using Guid(ac5685902b30149418d903e7f6fc98a8) Importer(815301076,1909f56bfc062723c751e8b465ee728b)  -> (artifact id: 'a5e8f037d0e6fed0d805e89225809135') in 0.031337 seconds
Number of updated asset objects reloaded before import = 0
Number of asset objects unloaded after import = 41
========================================================================
Received Import Request.
  Time since last request: 12.834053 seconds.
  path: Assets/Tiles/Cliff_Tile_12.asset
  artifactKey: Guid(0be53000d3416a1449b38e2efb82f903) Importer(815301076,1909f56bfc062723c751e8b465ee728b)
Start importing Assets/Tiles/Cliff_Tile_12.asset using Guid(0be53000d3416a1449b38e2efb82f903) Importer(815301076,1909f56bfc062723c751e8b465ee728b)  -> (artifact id: '488cf048a05b627da46056d837832ea5') in 0.022119 seconds
Number of updated asset objects reloaded before import = 0
Number of asset objects unloaded after import = 3
========================================================================
Received Import Request.
  Time since last request: 0.285570 seconds.
  path: Assets/Tiles/Cliff_Tile_14.asset
  artifactKey: Guid(949ab09e3c9e55b4ea0d43a4b8a4b84a) Importer(815301076,1909f56bfc062723c751e8b465ee728b)
Start importing Assets/Tiles/Cliff_Tile_14.asset using Guid(949ab09e3c9e55b4ea0d43a4b8a4b84a) Importer(815301076,1909f56bfc062723c751e8b465ee728b)  -> (artifact id: '29eb8b36ce8e154e330ee6606da77971') in 0.032169 seconds
Number of updated asset objects reloaded before import = 0
Number of asset objects unloaded after import = 3
========================================================================
Received Import Request.
  Time since last request: 48.323165 seconds.
  path: Assets/Tiles/Cliff_Tile.png
  artifactKey: Guid(0fb3d07c4eec4854eb08bc85d51eb83f) Importer(815301076,1909f56bfc062723c751e8b465ee728b)
Start importing Assets/Tiles/Cliff_Tile.png using Guid(0fb3d07c4eec4854eb08bc85d51eb83f) Importer(815301076,1909f56bfc062723c751e8b465ee728b)  -> (artifact id: 'eea7d453814da629b92ce866c1136376') in 0.068730 seconds
Number of updated asset objects reloaded before import = 0
Number of asset objects unloaded after import = 18
========================================================================
Received Import Request.
  Time since last request: 6.534228 seconds.
  path: Assets/Tiles/Cliff_Tile.png
  artifactKey: Guid(0fb3d07c4eec4854eb08bc85d51eb83f) Importer(815301076,1909f56bfc062723c751e8b465ee728b)
Start importing Assets/Tiles/Cliff_Tile.png using Guid(0fb3d07c4eec4854eb08bc85d51eb83f) Importer(815301076,1909f56bfc062723c751e8b465ee728b)  -> (artifact id: 'e3c1095c1fb5e97f67dcf78f698cef14') in 0.011894 seconds
Number of updated asset objects reloaded before import = 0
Number of asset objects unloaded after import = 3
========================================================================
Received Import Request.
  Time since last request: 0.026808 seconds.
  path: Assets/Tiles/Cliff_Tile_0.asset
  artifactKey: Guid(5f64d41312bcbc94a9849858e14839e1) Importer(815301076,1909f56bfc062723c751e8b465ee728b)
Start importing Assets/Tiles/Cliff_Tile_0.asset using Guid(5f64d41312bcbc94a9849858e14839e1) Importer(815301076,1909f56bfc062723c751e8b465ee728b)  -> (artifact id: '1742b48017ac03dded8bafdbde2ea03f') in 0.002651 seconds
Number of updated asset objects reloaded before import = 0
Number of asset objects unloaded after import = 1
========================================================================
Received Import Request.
  Time since last request: 0.015486 seconds.
  path: Assets/Tiles/Cliff_Tile_3.asset
  artifactKey: Guid(541d7afc6e7fd494fa7f503fb5b71c2e) Importer(815301076,1909f56bfc062723c751e8b465ee728b)
Start importing Assets/Tiles/Cliff_Tile_3.asset using Guid(541d7afc6e7fd494fa7f503fb5b71c2e) Importer(815301076,1909f56bfc062723c751e8b465ee728b)  -> (artifact id: 'e8d865ba00d5fe45bb338d8385f68b39') in 0.004490 seconds
Number of updated asset objects reloaded before import = 0
Number of asset objects unloaded after import = 1
========================================================================
Received Import Request.
  Time since last request: 0.000131 seconds.
  path: Assets/Tiles/Cliff_Tile_2.asset
  artifactKey: Guid(01d362d8ed6cb4b43a7c748154dba6e4) Importer(815301076,1909f56bfc062723c751e8b465ee728b)
Start importing Assets/Tiles/Cliff_Tile_2.asset using Guid(01d362d8ed6cb4b43a7c748154dba6e4) Importer(815301076,1909f56bfc062723c751e8b465ee728b)  -> (artifact id: '9a905f9140e716345477db17a5f3c19a') in 0.003632 seconds
Number of updated asset objects reloaded before import = 0
Number of asset objects unloaded after import = 1
========================================================================
Received Import Request.
  Time since last request: 0.000081 seconds.
  path: Assets/Tiles/Cliff_Tile_7.asset
  artifactKey: Guid(b6065fea4cf1f374887a3d058dfd4401) Importer(815301076,1909f56bfc062723c751e8b465ee728b)
Start importing Assets/Tiles/Cliff_Tile_7.asset using Guid(b6065fea4cf1f374887a3d058dfd4401) Importer(815301076,1909f56bfc062723c751e8b465ee728b)  -> (artifact id: 'da210f75d556c2cd00e3ba971b8b4f38') in 0.005142 seconds
Number of updated asset objects reloaded before import = 0
Number of asset objects unloaded after import = 1
========================================================================
Received Import Request.
  Time since last request: 0.000272 seconds.
  path: Assets/Tiles/Cliff_Tile_8.asset
  artifactKey: Guid(89077750c63da3340b6c9c5298a4a9d6) Importer(815301076,1909f56bfc062723c751e8b465ee728b)
Start importing Assets/Tiles/Cliff_Tile_8.asset using Guid(89077750c63da3340b6c9c5298a4a9d6) Importer(815301076,1909f56bfc062723c751e8b465ee728b)  -> (artifact id: 'fec4ee516c411766883ac445afa67acd') in 0.005254 seconds
Number of updated asset objects reloaded before import = 0
Number of asset objects unloaded after import = 1
========================================================================
Received Import Request.
  Time since last request: 11.190350 seconds.
  path: Assets/Palettes/Palette.prefab
  artifactKey: Guid(ac5685902b30149418d903e7f6fc98a8) Importer(815301076,1909f56bfc062723c751e8b465ee728b)
Start importing Assets/Palettes/Palette.prefab using Guid(ac5685902b30149418d903e7f6fc98a8) Importer(815301076,1909f56bfc062723c751e8b465ee728b)  -> (artifact id: 'd5afa8bb5c165b75bbb2635c4a0eb4ca') in 0.026205 seconds
Number of updated asset objects reloaded before import = 0
Number of asset objects unloaded after import = 43
========================================================================
Received Import Request.
  Time since last request: 63.202998 seconds.
  path: Assets/Palettes/Palette.prefab
  artifactKey: Guid(ac5685902b30149418d903e7f6fc98a8) Importer(815301076,1909f56bfc062723c751e8b465ee728b)
Start importing Assets/Palettes/Palette.prefab using Guid(ac5685902b30149418d903e7f6fc98a8) Importer(815301076,1909f56bfc062723c751e8b465ee728b)  -> (artifact id: 'e47bba280420f5d5bee7eb7a2d069607') in 0.023745 seconds
Number of updated asset objects reloaded before import = 0
Number of asset objects unloaded after import = 10
========================================================================
Received Import Request.
  Time since last request: 23.477461 seconds.
  path: Assets/Tiles/Cliff_Tile_12.asset
  artifactKey: Guid(0be53000d3416a1449b38e2efb82f903) Importer(815301076,1909f56bfc062723c751e8b465ee728b)
Start importing Assets/Tiles/Cliff_Tile_12.asset using Guid(0be53000d3416a1449b38e2efb82f903) Importer(815301076,1909f56bfc062723c751e8b465ee728b)  -> (artifact id: '2ea31da6633d18d2bd81034ef9c2ad1a') in 0.007918 seconds
Number of updated asset objects reloaded before import = 0
Number of asset objects unloaded after import = 3
========================================================================
Received Import Request.
  Time since last request: 0.067210 seconds.
  path: Assets/Tiles/Cliff_Tile_14.asset
  artifactKey: Guid(949ab09e3c9e55b4ea0d43a4b8a4b84a) Importer(815301076,1909f56bfc062723c751e8b465ee728b)
Start importing Assets/Tiles/Cliff_Tile_14.asset using Guid(949ab09e3c9e55b4ea0d43a4b8a4b84a) Importer(815301076,1909f56bfc062723c751e8b465ee728b)  -> (artifact id: '8482a3a1e79bf18e32b0ff7ecd5fede8') in 0.008408 seconds
Number of updated asset objects reloaded before import = 0
Number of asset objects unloaded after import = 3
========================================================================
Received Import Request.
  Time since last request: 0.000024 seconds.
  path: Assets/Tiles/Cliff_Tile_15.asset
  artifactKey: Guid(d9951cd11f46f094a8043b366d054cb9) Importer(815301076,1909f56bfc062723c751e8b465ee728b)
Start importing Assets/Tiles/Cliff_Tile_15.asset using Guid(d9951cd11f46f094a8043b366d054cb9) Importer(815301076,1909f56bfc062723c751e8b465ee728b)  -> (artifact id: 'ff34b1477986293c62a6dbb72f5c553a') in 0.006943 seconds
Number of updated asset objects reloaded before import = 0
Number of asset objects unloaded after import = 3
========================================================================
Received Import Request.
  Time since last request: 152.898999 seconds.
  path: Assets/Palettes/Palette.prefab
  artifactKey: Guid(ac5685902b30149418d903e7f6fc98a8) Importer(815301076,1909f56bfc062723c751e8b465ee728b)
Start importing Assets/Palettes/Palette.prefab using Guid(ac5685902b30149418d903e7f6fc98a8) Importer(815301076,1909f56bfc062723c751e8b465ee728b)  -> (artifact id: '7c1fd24155fe508639f7293c2fa33e0e') in 0.035701 seconds
Number of updated asset objects reloaded before import = 0
Number of asset objects unloaded after import = 43
========================================================================
Received Import Request.
  Time since last request: 7.414673 seconds.
  path: Assets/Tiles/Cliff_Tile_11.asset
  artifactKey: Guid(50bf6066e21061741a97dee372b99e9e) Importer(815301076,1909f56bfc062723c751e8b465ee728b)
Start importing Assets/Tiles/Cliff_Tile_11.asset using Guid(50bf6066e21061741a97dee372b99e9e) Importer(815301076,1909f56bfc062723c751e8b465ee728b)  -> (artifact id: '7db30e06b2687f6140b58e6d4b8ae193') in 0.002678 seconds
Number of updated asset objects reloaded before import = 0
Number of asset objects unloaded after import = 1
========================================================================
Received Import Request.
  Time since last request: 0.909556 seconds.
  path: Assets/Tiles/Cliff_Tile_13.asset
  artifactKey: Guid(53efc81bdd7746f4db2d5b4986a427f4) Importer(815301076,1909f56bfc062723c751e8b465ee728b)
Start importing Assets/Tiles/Cliff_Tile_13.asset using Guid(53efc81bdd7746f4db2d5b4986a427f4) Importer(815301076,1909f56bfc062723c751e8b465ee728b)  -> (artifact id: '6c764aed921f787b178b8e91c46fccc1') in 0.006420 seconds
Number of updated asset objects reloaded before import = 0
Number of asset objects unloaded after import = 1
========================================================================
Received Import Request.
  Time since last request: 0.027205 seconds.
  path: Assets/Tiles/Cliff_Tile_15.asset
  artifactKey: Guid(d9951cd11f46f094a8043b366d054cb9) Importer(815301076,1909f56bfc062723c751e8b465ee728b)
Start importing Assets/Tiles/Cliff_Tile_15.asset using Guid(d9951cd11f46f094a8043b366d054cb9) Importer(815301076,1909f56bfc062723c751e8b465ee728b)  -> (artifact id: '8e3ab1f422954b57fcdf5bdadca9f3d3') in 0.003501 seconds
Number of updated asset objects reloaded before import = 0
Number of asset objects unloaded after import = 1
========================================================================
Received Import Request.
  Time since last request: 14.599697 seconds.
  path: Assets/Tiles/TX Tileset Grass.png
  artifactKey: Guid(e8598de438964cf42a5d3313d4e99fd3) Importer(815301076,1909f56bfc062723c751e8b465ee728b)
Start importing Assets/Tiles/TX Tileset Grass.png using Guid(e8598de438964cf42a5d3313d4e99fd3) Importer(815301076,1909f56bfc062723c751e8b465ee728b)  -> (artifact id: '6c15a8d0cddfea7049a76548872b8467') in 0.030489 seconds
Number of updated asset objects reloaded before import = 0
Number of asset objects unloaded after import = 3
========================================================================
Received Import Request.
  Time since last request: 249.580738 seconds.
  path: Assets/Tiles/TX Tileset Grass.png
  artifactKey: Guid(e8598de438964cf42a5d3313d4e99fd3) Importer(815301076,1909f56bfc062723c751e8b465ee728b)
Start importing Assets/Tiles/TX Tileset Grass.png using Guid(e8598de438964cf42a5d3313d4e99fd3) Importer(815301076,1909f56bfc062723c751e8b465ee728b)  -> (artifact id: 'a7db7fe8745a9f06a36122cf2af832ca') in 0.030445 seconds
Number of updated asset objects reloaded before import = 0
Number of asset objects unloaded after import = 3
========================================================================
Received Import Request.
  Time since last request: 2.056728 seconds.
  path: Assets/Tiles/TX Tileset Grass.png
  artifactKey: Guid(e8598de438964cf42a5d3313d4e99fd3) Importer(815301076,1909f56bfc062723c751e8b465ee728b)
Start importing Assets/Tiles/TX Tileset Grass.png using Guid(e8598de438964cf42a5d3313d4e99fd3) Importer(815301076,1909f56bfc062723c751e8b465ee728b)  -> (artifact id: '37c426386eb9cc4314d0bfe6da16b02d') in 0.022224 seconds
Number of updated asset objects reloaded before import = 0
Number of asset objects unloaded after import = 2
========================================================================
Received Import Request.
  Time since last request: 1.633054 seconds.
  path: Assets/Tiles/TX Tileset Grass.png
  artifactKey: Guid(e8598de438964cf42a5d3313d4e99fd3) Importer(815301076,1909f56bfc062723c751e8b465ee728b)
Start importing Assets/Tiles/TX Tileset Grass.png using Guid(e8598de438964cf42a5d3313d4e99fd3) Importer(815301076,1909f56bfc062723c751e8b465ee728b)  -> (artifact id: '652f1a4d1a2f1e3671fe7fcf84aa4a43') in 0.020281 seconds
Number of updated asset objects reloaded before import = 0
Number of asset objects unloaded after import = 2
========================================================================
Received Import Request.
  Time since last request: 8.324691 seconds.
  path: Assets/Tiles/TX Tileset Grass.png
  artifactKey: Guid(e8598de438964cf42a5d3313d4e99fd3) Importer(815301076,1909f56bfc062723c751e8b465ee728b)
Start importing Assets/Tiles/TX Tileset Grass.png using Guid(e8598de438964cf42a5d3313d4e99fd3) Importer(815301076,1909f56bfc062723c751e8b465ee728b)  -> (artifact id: 'c9bda3ae0f08580ff6523221bdad10ae') in 0.215240 seconds
Number of updated asset objects reloaded before import = 0
Number of asset objects unloaded after import = 66
========================================================================
Received Import Request.
  Time since last request: 23.853771 seconds.
  path: Assets/Tiles/TX Tileset Grass_0.asset
  artifactKey: Guid(2ff9e9053557fe24f874bb140ec89851) Importer(815301076,1909f56bfc062723c751e8b465ee728b)
Start importing Assets/Tiles/TX Tileset Grass_0.asset using Guid(2ff9e9053557fe24f874bb140ec89851) Importer(815301076,1909f56bfc062723c751e8b465ee728b)  -> (artifact id: 'd3dcc74466f730d790bb5be4ae35fc2c') in 0.022652 seconds
Number of updated asset objects reloaded before import = 0
Number of asset objects unloaded after import = 3
========================================================================
Received Import Request.
  Time since last request: 0.000040 seconds.
  path: Assets/Tiles/TX Tileset Grass_2.asset
  artifactKey: Guid(9cd2b05daad064e41aa2e79ac50c9edf) Importer(815301076,1909f56bfc062723c751e8b465ee728b)
Start importing Assets/Tiles/TX Tileset Grass_2.asset using Guid(9cd2b05daad064e41aa2e79ac50c9edf) Importer(815301076,1909f56bfc062723c751e8b465ee728b)  -> (artifact id: 'c9baf1f9971bb3bc1e11a5e5e3e86190') in 0.032049 seconds
Number of updated asset objects reloaded before import = 0
Number of asset objects unloaded after import = 3
========================================================================
Received Import Request.
  Time since last request: 0.015520 seconds.
  path: Assets/Tiles/TX Tileset Grass_6.asset
  artifactKey: Guid(6dbd20983ddedf2438b54f83143bd9cd) Importer(815301076,1909f56bfc062723c751e8b465ee728b)
Start importing Assets/Tiles/TX Tileset Grass_6.asset using Guid(6dbd20983ddedf2438b54f83143bd9cd) Importer(815301076,1909f56bfc062723c751e8b465ee728b)  -> (artifact id: 'd2ded62a10263921055a65f6e1952aee') in 0.022598 seconds
Number of updated asset objects reloaded before import = 0
Number of asset objects unloaded after import = 3
========================================================================
Received Import Request.
  Time since last request: 0.000027 seconds.
  path: Assets/Tiles/TX Tileset Grass_11.asset
  artifactKey: Guid(98dfb03ff4af5e24d8708977004d20e9) Importer(815301076,1909f56bfc062723c751e8b465ee728b)
Start importing Assets/Tiles/TX Tileset Grass_11.asset using Guid(98dfb03ff4af5e24d8708977004d20e9) Importer(815301076,1909f56bfc062723c751e8b465ee728b)  -> (artifact id: 'f2681c2dad86854182d0329b5c1ce206') in 0.019492 seconds
Number of updated asset objects reloaded before import = 0
Number of asset objects unloaded after import = 3
========================================================================
Received Import Request.
  Time since last request: 0.000028 seconds.
  path: Assets/Tiles/TX Tileset Grass_4.asset
  artifactKey: Guid(8bf879afdde42744099ac42848c77b24) Importer(815301076,1909f56bfc062723c751e8b465ee728b)
Start importing Assets/Tiles/TX Tileset Grass_4.asset using Guid(8bf879afdde42744099ac42848c77b24) Importer(815301076,1909f56bfc062723c751e8b465ee728b)  -> (artifact id: '086b3d83daecc3d186999472812c01e9') in 0.019547 seconds
Number of updated asset objects reloaded before import = 0
Number of asset objects unloaded after import = 3
========================================================================
Received Import Request.
  Time since last request: 0.000043 seconds.
  path: Assets/Tiles/TX Tileset Grass_10.asset
  artifactKey: Guid(4acc65bf3ff731b48bbc7ca7e3e2fe2f) Importer(815301076,1909f56bfc062723c751e8b465ee728b)
Start importing Assets/Tiles/TX Tileset Grass_10.asset using Guid(4acc65bf3ff731b48bbc7ca7e3e2fe2f) Importer(815301076,1909f56bfc062723c751e8b465ee728b)  -> (artifact id: '9b10c3936e1c196aecf6a1a41ad6a237') in 0.017701 seconds
Number of updated asset objects reloaded before import = 0
Number of asset objects unloaded after import = 3
Editor requested this worker to shutdown with reason: Scaling down because of idle timeout
TcpMessagingSession - receive error: operation aborted. errorcode: 995, details: The I/O operation has been aborted because of either a thread exit or an application request.
AssetImportWorker is now disconnected from the server
Process exiting
Exiting without the bug reporter. Application will terminate with return code 0